<?xml version="1.0" encoding="UTF-8"?>
<!-- Generated by org.testng.reporters.JUnitReportReporter -->
<testsuite skipped="0" hostname="DESKTOP-I4LRG9O" name="com.pharmaspectra.qa.testcase.TC_LoginTest_001" tests="1" failures="0" timestamp="10 Jan 2021 10:12:45 GMT" time="179.885" errors="0">
  <testcase name="loginTest" time="179.885" classname="com.pharmaspectra.qa.testcase.TC_LoginTest_001"/>
</testsuite> <!-- com.pharmaspectra.qa.testcase.TC_LoginTest_001 -->
